[Info: 2024-06-21 22:58:33.601545] Starting game...
[Info: 2024-06-21 22:58:33.619236] Creating Menu instance.
[Info: 2024-06-21 22:58:35.532170] Creating new game.
[Info: 2024-06-21 22:58:35.532313] Creating GameEngine object.
[Info: 2024-06-21 22:58:35.532413] Creating DefaultLocationBuilder instance.
[Info: 2024-06-21 22:58:35.532490] Creating location with name: Default Location.
[Info: 2024-06-21 22:58:35.532548] Creating LocationDirector instance.
[Info: 2024-06-21 22:58:35.532601] Creating Map instance.
[Info: 2024-06-21 22:58:35.532673] Creating DefaultLocationBuilder instance.
[Info: 2024-06-21 22:58:35.532735] Creating location with name: Default Location.
[Info: 2024-06-21 22:58:35.532795] Creating LocationDirector instance.
[Info: 2024-06-21 22:58:35.533102] Destroying LocationDirector instance.
[Info: 2024-06-21 22:58:37.244714] Created map with name: new
[Info: 2024-06-21 22:58:37.244959] Creating tiles.
[Info: 2024-06-21 22:58:37.249105] Creating Gold object.
[Info: 2024-06-21 22:58:37.251017] Creating Item entity.
[Info: 2024-06-21 22:58:37.251183] Creating Item entity.
[Info: 2024-06-21 22:58:37.251313] Creating Item entity.
[Info: 2024-06-21 22:58:37.251431] Creating Item entity.
[Info: 2024-06-21 22:58:37.253265] Creating Monster entity.
[Info: 2024-06-21 22:58:37.253407] Creating Monster entity.
[Info: 2024-06-21 22:58:37.253521] Creating Monster entity.
[Info: 2024-06-21 22:58:37.253641] Creating Monster entity.
[Info: 2024-06-21 22:58:37.253760] Creating Monster entity.
[Info: 2024-06-21 22:58:37.253878] Creating Monster entity.
[Info: 2024-06-21 22:58:37.254014] Creating Monster entity.
[Info: 2024-06-21 22:58:37.756468] Creating Mage entity.
[Info: 2024-06-21 22:58:37.756719] Creating Item entity.
[Info: 2024-06-21 22:58:37.756922] Creating Item entity.
[Info: 2024-06-21 22:58:37.757051] Player created as: Mage
[Info: 2024-06-21 22:58:37.757229] Creating Inventory instance.
[Info: 2024-06-21 22:58:37.757429] Game new saving.
[Info: 2024-06-21 22:58:37.760898] Saving Map instance to file.
[Info: 2024-06-21 22:58:37.761096] Saving location: Default Location.
[Info: 2024-06-21 22:58:37.761222] Saving Dragon entity to file
[Info: 2024-06-21 22:58:37.761339] Saving Goblin entity to file
[Info: 2024-06-21 22:58:37.761478] Saving Mage entity to file
[Info: 2024-06-21 22:58:37.761593] Saving Armor entity to file
[Info: 2024-06-21 22:58:37.761705] Saving Weapon entity to file
[Info: 2024-06-21 22:58:37.761844] Saving Troll entity to file
[Info: 2024-06-21 22:58:37.761959] Saving Gold entity to file.
[Info: 2024-06-21 22:58:37.762073] Saving Armor entity to file
[Info: 2024-06-21 22:58:37.762186] Saving Dragon entity to file
[Info: 2024-06-21 22:58:37.762300] Saving Goblin entity to file
[Info: 2024-06-21 22:58:37.762419] Saving Goblin entity to file
[Info: 2024-06-21 22:58:37.762535] Saving Weapon entity to file
[Info: 2024-06-21 22:58:37.762655] Saving Weapon entity to file
[Info: 2024-06-21 22:58:37.762793] Saving Inventory instance to file.
[Info: 2024-06-21 22:58:37.764577] Game new saved.
[Info: 2024-06-21 22:58:37.764783] Game started.
[Info: 2024-06-21 22:58:39.118892] Moving from (2, 6) to (2, 5).
[Info: 2024-06-21 22:58:39.603318] Moving from (2, 5) to (3, 5).
[Info: 2024-06-21 22:58:39.939523] Game new saving.
[Info: 2024-06-21 22:58:39.940666] Saving Map instance to file.
[Info: 2024-06-21 22:58:39.940732] Saving location: Default Location.
[Info: 2024-06-21 22:58:39.940779] Saving Dragon entity to file
[Info: 2024-06-21 22:58:39.940823] Saving Goblin entity to file
[Info: 2024-06-21 22:58:39.940870] Saving Troll entity to file
[Info: 2024-06-21 22:58:39.940914] Saving Mage entity to file
[Info: 2024-06-21 22:58:39.940965] Saving Armor entity to file
[Info: 2024-06-21 22:58:39.941008] Saving Weapon entity to file
[Info: 2024-06-21 22:58:39.941051] Saving Gold entity to file.
[Info: 2024-06-21 22:58:39.941094] Saving Armor entity to file
[Info: 2024-06-21 22:58:39.941136] Saving Dragon entity to file
[Info: 2024-06-21 22:58:39.941179] Saving Goblin entity to file
[Info: 2024-06-21 22:58:39.941261] Saving Goblin entity to file
[Info: 2024-06-21 22:58:39.941381] Saving Weapon entity to file
[Info: 2024-06-21 22:58:39.941493] Saving Weapon entity to file
[Info: 2024-06-21 22:58:39.941592] Saving Inventory instance to file.
[Info: 2024-06-21 22:58:39.942206] Game new saved.
[Info: 2024-06-21 22:58:40.885613] Stopping game...
[Info: 2024-06-21 22:58:41.146265] Stopping game...
[Info: 2024-06-21 22:58:41.146356] Destroying GameEngine object.
[Info: 2024-06-21 22:58:41.146417] Destroying GameEngine object.
[Info: 2024-06-21 22:58:41.146471] Destroying Menu instance.
